<?xml version="1.0" encoding="UTF-8"?>
<testng-results ignored="0" total="2" passed="2" failed="0" skipped="0">
  <reporter-output>
  </reporter-output>
  <suite started-at="2024-10-23T00:38:18 IST" name="Suite" finished-at="2024-10-23T00:38:29 IST" duration-ms="11514">
    <groups>
      <group name="Regression">
        <method signature="TC02_SingleLoginTest.login_test()[pri:0, instance:testCases.TC02_SingleLoginTest@3243b914]" name="login_test" class="testCases.TC02_SingleLoginTest"/>
      </group> <!-- Regression -->
      <group name="Smoke">
        <method signature="TC01_AccountRegistrationTest.verify_account_registration()[pri:0, instance:testCases.TC01_AccountRegistrationTest@362045c0]" name="verify_account_registration" class="testCases.TC01_AccountRegistrationTest"/>
      </group> <!-- Smoke -->
    </groups>
    <test started-at="2024-10-23T00:38:18 IST" name="Test" finished-at="2024-10-23T00:38:29 IST" duration-ms="11514">
      <class name="testCases.TC01_AccountRegistrationTest">
        <test-method is-config="true" signature="setup(java.lang.String,java.lang.String)[pri:0, instance:testCases.TC01_AccountRegistrationTest@362045c0]" started-at="2024-10-23T00:38:18 IST" name="setup" finished-at="2024-10-23T00:38:22 IST" duration-ms="4069" status="PASS">
          <params>
            <param index="0">
              <value>
                <![CDATA[windows]]>
              </value>
            </param>
            <param index="1">
              <value>
                <![CDATA[firefox]]>
              </value>
            </param>
          </params>
          <reporter-output>
          </reporter-output>
        </test-method> <!-- setup -->
        <test-method signature="verify_account_registration()[pri:0, instance:testCases.TC01_AccountRegistrationTest@362045c0]" started-at="2024-10-23T00:38:22 IST" name="verify_account_registration" finished-at="2024-10-23T00:38:23 IST" duration-ms="1562" status="PASS">
          <reporter-output>
          </reporter-output>
        </test-method> <!-- verify_account_registration -->
        <test-method is-config="true" signature="shutdown()[pri:0, instance:testCases.TC01_AccountRegistrationTest@362045c0]" started-at="2024-10-23T00:38:23 IST" name="shutdown" finished-at="2024-10-23T00:38:24 IST" duration-ms="606" status="PASS">
          <reporter-output>
          </reporter-output>
        </test-method> <!-- shutdown -->
      </class> <!-- testCases.TC01_AccountRegistrationTest -->
      <class name="testCases.TC02_SingleLoginTest">
        <test-method is-config="true" signature="setup(java.lang.String,java.lang.String)[pri:0, instance:testCases.TC02_SingleLoginTest@3243b914]" started-at="2024-10-23T00:38:24 IST" name="setup" finished-at="2024-10-23T00:38:28 IST" duration-ms="3610" status="PASS">
          <params>
            <param index="0">
              <value>
                <![CDATA[windows]]>
              </value>
            </param>
            <param index="1">
              <value>
                <![CDATA[firefox]]>
              </value>
            </param>
          </params>
          <reporter-output>
          </reporter-output>
        </test-method> <!-- setup -->
        <test-method signature="login_test()[pri:0, instance:testCases.TC02_SingleLoginTest@3243b914]" started-at="2024-10-23T00:38:28 IST" name="login_test" finished-at="2024-10-23T00:38:29 IST" duration-ms="959" status="PASS">
          <reporter-output>
          </reporter-output>
        </test-method> <!-- login_test -->
        <test-method is-config="true" signature="shutdown()[pri:0, instance:testCases.TC02_SingleLoginTest@3243b914]" started-at="2024-10-23T00:38:29 IST" name="shutdown" finished-at="2024-10-23T00:38:29 IST" duration-ms="552" status="PASS">
          <reporter-output>
          </reporter-output>
        </test-method> <!-- shutdown -->
      </class> <!-- testCases.TC02_SingleLoginTest -->
    </test> <!-- Test -->
  </suite> <!-- Suite -->
</testng-results>
